{"C:\\Users\\acer\\OneDrive\\Documents\\work\\newAssign\\vid2\\dummy\\vid\\src\\index.ts": {"path":"C:\\Users\\acer\\OneDrive\\Documents\\work\\newAssign\\vid2\\dummy\\vid\\src\\index.ts","statementMap":{"0":{"start":{"line":1,"column":0},"end":{"line":1,"column":30}},"1":{"start":{"line":2,"column":0},"end":{"line":2,"column":41}},"2":{"start":{"line":3,"column":0},"end":{"line":3,"column":42}},"3":{"start":{"line":4,"column":0},"end":{"line":4,"column":39}},"4":{"start":{"line":5,"column":0},"end":{"line":5,"column":41}},"5":{"start":{"line":6,"column":0},"end":{"line":6,"column":39}},"6":{"start":{"line":8,"column":12},"end":{"line":8,"column":21}},"7":{"start":{"line":9,"column":0},"end":{"line":9,"column":null}},"8":{"start":{"line":10,"column":0},"end":{"line":10,"column":null}},"9":{"start":{"line":12,"column":0},"end":{"line":12,"column":36}},"10":{"start":{"line":13,"column":0},"end":{"line":13,"column":null}},"11":{"start":{"line":14,"column":20},"end":{"line":14,"column":48}},"12":{"start":{"line":15,"column":0},"end":{"line":15,"column":null}},"13":{"start":{"line":16,"column":13},"end":{"line":16,"column":37}},"14":{"start":{"line":17,"column":0},"end":{"line":20,"column":null}},"15":{"start":{"line":18,"column":4},"end":{"line":18,"column":null}},"16":{"start":{"line":24,"column":0},"end":{"line":31,"column":1}},"17":{"start":{"line":25,"column":0},"end":{"line":27,"column":null}},"18":{"start":{"line":26,"column":4},"end":{"line":26,"column":null}},"19":{"start":{"line":30,"column":4},"end":{"line":30,"column":null}},"20":{"start":{"line":32,"column":0},"end":{"line":32,"column":19}}},"fnMap":{"0":{"name":"(anonymous_1)","decl":{"start":{"line":17,"column":13},"end":{"line":17,"column":15}},"loc":{"start":{"line":17,"column":17},"end":{"line":20,"column":1}}},"1":{"name":"(anonymous_2)","decl":{"start":{"line":25,"column":17},"end":{"line":25,"column":19}},"loc":{"start":{"line":25,"column":21},"end":{"line":27,"column":1}}}},"branchMap":{"0":{"loc":{"start":{"line":16,"column":13},"end":{"line":16,"column":37}},"type":"binary-expr","locations":[{"start":{"line":16,"column":13},"end":{"line":16,"column":29}},{"start":{"line":16,"column":33},"end":{"line":16,"column":37}}]},"1":{"loc":{"start":{"line":24,"column":0},"end":{"line":31,"column":1}},"type":"if","locations":[{"start":{"line":24,"column":0},"end":{"line":31,"column":1}},{"start":{"line":29,"column":5},"end":{"line":31,"column":1}}]}},"s":{"0":1,"1":1,"2":1,"3":1,"4":1,"5":1,"6":1,"7":1,"8":1,"9":1,"10":1,"11":1,"12":1,"13":1,"14":1,"15":0,"16":1,"17":0,"18":0,"19":1,"20":1},"f":{"0":0,"1":0},"b":{"0":[1,1],"1":[0,1]}}
,"C:\\Users\\acer\\OneDrive\\Documents\\work\\newAssign\\vid2\\dummy\\vid\\src\\swagger.ts": {"path":"C:\\Users\\acer\\OneDrive\\Documents\\work\\newAssign\\vid2\\dummy\\vid\\src\\swagger.ts","statementMap":{"0":{"start":{"line":4,"column":13},"end":{"line":4,"column":37}},"1":{"start":{"line":5,"column":36},"end":{"line":20,"column":2}},"2":{"start":{"line":22,"column":0},"end":{"line":22,"column":30}}},"fnMap":{},"branchMap":{"0":{"loc":{"start":{"line":4,"column":13},"end":{"line":4,"column":37}},"type":"binary-expr","locations":[{"start":{"line":4,"column":13},"end":{"line":4,"column":29}},{"start":{"line":4,"column":33},"end":{"line":4,"column":37}}]}},"s":{"0":1,"1":1,"2":1},"f":{},"b":{"0":[1,1]}}
,"C:\\Users\\acer\\OneDrive\\Documents\\work\\newAssign\\vid2\\dummy\\vid\\src\\routes\\user.ts": {"path":"C:\\Users\\acer\\OneDrive\\Documents\\work\\newAssign\\vid2\\dummy\\vid\\src\\routes\\user.ts","statementMap":{"0":{"start":{"line":1,"column":0},"end":{"line":1,"column":53}},"1":{"start":{"line":2,"column":0},"end":{"line":2,"column":33}},"2":{"start":{"line":3,"column":0},"end":{"line":3,"column":28}},"3":{"start":{"line":4,"column":0},"end":{"line":4,"column":31}},"4":{"start":{"line":5,"column":0},"end":{"line":5,"column":19}},"5":{"start":{"line":6,"column":15},"end":{"line":6,"column":31}},"6":{"start":{"line":8,"column":19},"end":{"line":8,"column":53}},"7":{"start":{"line":10,"column":21},"end":{"line":13,"column":2}},"8":{"start":{"line":15,"column":21},"end":{"line":18,"column":2}},"9":{"start":{"line":21,"column":23},"end":{"line":21,"column":25}},"10":{"start":{"line":22,"column":4},"end":{"line":22,"column":51}},"11":{"start":{"line":26,"column":4},"end":{"line":26,"column":48}},"12":{"start":{"line":30,"column":0},"end":{"line":49,"column":3}},"13":{"start":{"line":30,"column":61},"end":{"line":49,"column":2}},"14":{"start":{"line":31,"column":4},"end":{"line":48,"column":5}},"15":{"start":{"line":32,"column":30},"end":{"line":32,"column":58}},"16":{"start":{"line":33,"column":31},"end":{"line":33,"column":73}},"17":{"start":{"line":34,"column":21},"end":{"line":39,"column":10}},"18":{"start":{"line":40,"column":22},"end":{"line":40,"column":103}},"19":{"start":{"line":41,"column":8},"end":{"line":41,"column":121}},"20":{"start":{"line":43,"column":8},"end":{"line":45,"column":9}},"21":{"start":{"line":44,"column":12},"end":{"line":44,"column":112}},"22":{"start":{"line":46,"column":8},"end":{"line":46,"column":46}},"23":{"start":{"line":47,"column":8},"end":{"line":47,"column":103}},"24":{"start":{"line":51,"column":0},"end":{"line":75,"column":3}},"25":{"start":{"line":51,"column":61},"end":{"line":75,"column":2}},"26":{"start":{"line":52,"column":4},"end":{"line":74,"column":5}},"27":{"start":{"line":53,"column":30},"end":{"line":53,"column":58}},"28":{"start":{"line":54,"column":21},"end":{"line":58,"column":10}},"29":{"start":{"line":59,"column":8},"end":{"line":61,"column":9}},"30":{"start":{"line":60,"column":12},"end":{"line":60,"column":87}},"31":{"start":{"line":62,"column":24},"end":{"line":62,"column":85}},"32":{"start":{"line":63,"column":8},"end":{"line":65,"column":9}},"33":{"start":{"line":64,"column":12},"end":{"line":64,"column":92}},"34":{"start":{"line":66,"column":22},"end":{"line":66,"column":103}},"35":{"start":{"line":67,"column":8},"end":{"line":67,"column":113}},"36":{"start":{"line":69,"column":8},"end":{"line":71,"column":9}},"37":{"start":{"line":70,"column":12},"end":{"line":70,"column":112}},"38":{"start":{"line":72,"column":8},"end":{"line":72,"column":46}},"39":{"start":{"line":73,"column":8},"end":{"line":73,"column":100}},"40":{"start":{"line":222,"column":0},"end":{"line":222,"column":22}}},"fnMap":{"0":{"name":"hashPassword","decl":{"start":{"line":20,"column":15},"end":{"line":20,"column":27}},"loc":{"start":{"line":20,"column":44},"end":{"line":23,"column":null}}},"1":{"name":"validatePassword","decl":{"start":{"line":25,"column":15},"end":{"line":25,"column":31}},"loc":{"start":{"line":25,"column":62},"end":{"line":27,"column":null}}},"2":{"name":"(anonymous_12)","decl":{"start":{"line":30,"column":23},"end":{"line":30,"column":30}},"loc":{"start":{"line":30,"column":61},"end":{"line":49,"column":2}}},"3":{"name":"(anonymous_13)","decl":{"start":{"line":30,"column":61},"end":{"line":30,"column":null}},"loc":{"start":{"line":30,"column":61},"end":{"line":49,"column":1}}},"4":{"name":"(anonymous_14)","decl":{"start":{"line":51,"column":23},"end":{"line":51,"column":30}},"loc":{"start":{"line":51,"column":61},"end":{"line":75,"column":2}}},"5":{"name":"(anonymous_15)","decl":{"start":{"line":51,"column":61},"end":{"line":51,"column":null}},"loc":{"start":{"line":51,"column":61},"end":{"line":75,"column":1}}}},"branchMap":{"0":{"loc":{"start":{"line":8,"column":19},"end":{"line":8,"column":53}},"type":"binary-expr","locations":[{"start":{"line":8,"column":19},"end":{"line":8,"column":41}},{"start":{"line":8,"column":45},"end":{"line":8,"column":53}}]},"1":{"loc":{"start":{"line":43,"column":8},"end":{"line":45,"column":9}},"type":"if","locations":[{"start":{"line":43,"column":8},"end":{"line":45,"column":9}}]},"2":{"loc":{"start":{"line":59,"column":8},"end":{"line":61,"column":9}},"type":"if","locations":[{"start":{"line":59,"column":8},"end":{"line":61,"column":9}}]},"3":{"loc":{"start":{"line":63,"column":8},"end":{"line":65,"column":9}},"type":"if","locations":[{"start":{"line":63,"column":8},"end":{"line":65,"column":9}}]},"4":{"loc":{"start":{"line":69,"column":8},"end":{"line":71,"column":9}},"type":"if","locations":[{"start":{"line":69,"column":8},"end":{"line":71,"column":9}}]}},"s":{"0":1,"1":1,"2":1,"3":1,"4":1,"5":1,"6":1,"7":1,"8":1,"9":0,"10":0,"11":0,"12":1,"13":0,"14":0,"15":0,"16":0,"17":0,"18":0,"19":0,"20":0,"21":0,"22":0,"23":0,"24":1,"25":0,"26":0,"27":0,"28":0,"29":0,"30":0,"31":0,"32":0,"33":0,"34":0,"35":0,"36":0,"37":0,"38":0,"39":0,"40":1},"f":{"0":0,"1":0,"2":0,"3":0,"4":0,"5":0},"b":{"0":[1,1],"1":[0],"2":[0],"3":[0],"4":[0]}}
,"C:\\Users\\acer\\OneDrive\\Documents\\work\\newAssign\\vid2\\dummy\\vid\\src\\routes\\video.ts": {"path":"C:\\Users\\acer\\OneDrive\\Documents\\work\\newAssign\\vid2\\dummy\\vid\\src\\routes\\video.ts","statementMap":{"0":{"start":{"line":1,"column":0},"end":{"line":1,"column":61}},"1":{"start":{"line":3,"column":15},"end":{"line":3,"column":23}},"2":{"start":{"line":4,"column":0},"end":{"line":4,"column":28}},"3":{"start":{"line":5,"column":0},"end":{"line":5,"column":33}},"4":{"start":{"line":6,"column":0},"end":{"line":6,"column":49}},"5":{"start":{"line":7,"column":0},"end":{"line":7,"column":24}},"6":{"start":{"line":8,"column":0},"end":{"line":8,"column":28}},"7":{"start":{"line":9,"column":0},"end":{"line":9,"column":37}},"8":{"start":{"line":10,"column":0},"end":{"line":10,"column":34}},"9":{"start":{"line":11,"column":0},"end":{"line":11,"column":19}},"10":{"start":{"line":12,"column":0},"end":{"line":12,"column":19}},"11":{"start":{"line":14,"column":18},"end":{"line":14,"column":55}},"12":{"start":{"line":16,"column":16},"end":{"line":21,"column":2}},"13":{"start":{"line":17,"column":34},"end":{"line":17,"column":53}},"14":{"start":{"line":19,"column":4},"end":{"line":19,"column":51}},"15":{"start":{"line":23,"column":15},"end":{"line":26,"column":18}},"16":{"start":{"line":28,"column":20},"end":{"line":30,"column":2}},"17":{"start":{"line":32,"column":22},"end":{"line":34,"column":2}},"18":{"start":{"line":37,"column":0},"end":{"line":62,"column":3}},"19":{"start":{"line":38,"column":2},"end":{"line":61,"column":9}},"20":{"start":{"line":38,"column":35},"end":{"line":61,"column":8}},"21":{"start":{"line":40,"column":4},"end":{"line":42,"column":5}},"22":{"start":{"line":41,"column":6},"end":{"line":41,"column":74}},"23":{"start":{"line":44,"column":4},"end":{"line":46,"column":5}},"24":{"start":{"line":45,"column":6},"end":{"line":45,"column":74}},"25":{"start":{"line":48,"column":4},"end":{"line":60,"column":9}},"26":{"start":{"line":50,"column":22},"end":{"line":55,"column":12}},"27":{"start":{"line":57,"column":10},"end":{"line":57,"column":101}},"28":{"start":{"line":59,"column":10},"end":{"line":59,"column":104}},"29":{"start":{"line":65,"column":0},"end":{"line":89,"column":3}},"30":{"start":{"line":65,"column":74},"end":{"line":89,"column":2}},"31":{"start":{"line":67,"column":4},"end":{"line":69,"column":5}},"32":{"start":{"line":68,"column":8},"end":{"line":68,"column":80}},"33":{"start":{"line":71,"column":4},"end":{"line":88,"column":5}},"34":{"start":{"line":72,"column":23},"end":{"line":80,"column":10}},"35":{"start":{"line":81,"column":8},"end":{"line":85,"column":9}},"36":{"start":{"line":82,"column":8},"end":{"line":82,"column":41}},"37":{"start":{"line":84,"column":12},"end":{"line":84,"column":null}},"38":{"start":{"line":87,"column":8},"end":{"line":87,"column":101}},"39":{"start":{"line":92,"column":0},"end":{"line":135,"column":3}},"40":{"start":{"line":92,"column":89},"end":{"line":135,"column":2}},"41":{"start":{"line":93,"column":24},"end":{"line":93,"column":34}},"42":{"start":{"line":94,"column":19},"end":{"line":94,"column":31}},"43":{"start":{"line":96,"column":4},"end":{"line":98,"column":7}},"44":{"start":{"line":97,"column":8},"end":{"line":97,"column":79}},"45":{"start":{"line":100,"column":18},"end":{"line":105,"column":6}},"46":{"start":{"line":107,"column":4},"end":{"line":109,"column":5}},"47":{"start":{"line":108,"column":6},"end":{"line":108,"column":90}},"48":{"start":{"line":111,"column":18},"end":{"line":111,"column":56}},"49":{"start":{"line":113,"column":19},"end":{"line":113,"column":60}},"50":{"start":{"line":115,"column":27},"end":{"line":117,"column":6}},"51":{"start":{"line":119,"column":4},"end":{"line":134,"column":5}},"52":{"start":{"line":120,"column":30},"end":{"line":123,"column":10}},"53":{"start":{"line":124,"column":8},"end":{"line":124,"column":106}},"54":{"start":{"line":126,"column":26},"end":{"line":132,"column":10}},"55":{"start":{"line":133,"column":8},"end":{"line":133,"column":98}},"56":{"start":{"line":137,"column":0},"end":{"line":154,"column":3}},"57":{"start":{"line":137,"column":73},"end":{"line":154,"column":2}},"58":{"start":{"line":138,"column":22},"end":{"line":138,"column":32}},"59":{"start":{"line":140,"column":19},"end":{"line":147,"column":6}},"60":{"start":{"line":149,"column":4},"end":{"line":151,"column":5}},"61":{"start":{"line":150,"column":6},"end":{"line":150,"column":76}},"62":{"start":{"line":153,"column":4},"end":{"line":153,"column":85}},"63":{"start":{"line":157,"column":0},"end":{"line":204,"column":3}},"64":{"start":{"line":157,"column":58},"end":{"line":204,"column":2}},"65":{"start":{"line":158,"column":44},"end":{"line":158,"column":52}},"66":{"start":{"line":160,"column":4},"end":{"line":162,"column":7}},"67":{"start":{"line":161,"column":8},"end":{"line":161,"column":79}},"68":{"start":{"line":163,"column":19},"end":{"line":163,"column":31}},"69":{"start":{"line":165,"column":18},"end":{"line":167,"column":6}},"70":{"start":{"line":169,"column":4},"end":{"line":171,"column":5}},"71":{"start":{"line":170,"column":8},"end":{"line":170,"column":92}},"72":{"start":{"line":173,"column":24},"end":{"line":173,"column":88}},"73":{"start":{"line":174,"column":23},"end":{"line":174,"column":28}},"74":{"start":{"line":176,"column":4},"end":{"line":203,"column":15}},"75":{"start":{"line":180,"column":30},"end":{"line":197,"column":10}},"76":{"start":{"line":181,"column":12},"end":{"line":181,"column":36}},"77":{"start":{"line":181,"column":29},"end":{"line":181,"column":36}},"78":{"start":{"line":182,"column":12},"end":{"line":196,"column":13}},"79":{"start":{"line":183,"column":33},"end":{"line":188,"column":18}},"80":{"start":{"line":189,"column":16},"end":{"line":189,"column":114}},"81":{"start":{"line":190,"column":16},"end":{"line":190,"column":36}},"82":{"start":{"line":192,"column":16},"end":{"line":195,"column":17}},"83":{"start":{"line":193,"column":16},"end":{"line":193,"column":127}},"84":{"start":{"line":194,"column":16},"end":{"line":194,"column":null}},"85":{"start":{"line":199,"column":12},"end":{"line":201,"column":32}},"86":{"start":{"line":200,"column":12},"end":{"line":200,"column":90}},"87":{"start":{"line":201,"column":12},"end":{"line":201,"column":31}},"88":{"start":{"line":207,"column":0},"end":{"line":290,"column":3}},"89":{"start":{"line":207,"column":123},"end":{"line":290,"column":2}},"90":{"start":{"line":214,"column":18},"end":{"line":214,"column":51}},"91":{"start":{"line":215,"column":2},"end":{"line":217,"column":3}},"92":{"start":{"line":216,"column":6},"end":{"line":216,"column":94}},"93":{"start":{"line":218,"column":2},"end":{"line":218,"column":null}},"94":{"start":{"line":220,"column":23},"end":{"line":220,"column":39}},"95":{"start":{"line":221,"column":17},"end":{"line":221,"column":29}},"96":{"start":{"line":222,"column":19},"end":{"line":222,"column":46}},"97":{"start":{"line":222,"column":41},"end":{"line":222,"column":45}},"98":{"start":{"line":224,"column":17},"end":{"line":226,"column":4}},"99":{"start":{"line":228,"column":2},"end":{"line":230,"column":3}},"100":{"start":{"line":229,"column":6},"end":{"line":229,"column":103}},"101":{"start":{"line":232,"column":2},"end":{"line":234,"column":3}},"102":{"start":{"line":233,"column":4},"end":{"line":233,"column":null}},"103":{"start":{"line":235,"column":18},"end":{"line":235,"column":19}},"104":{"start":{"line":236,"column":2},"end":{"line":243,"column":3}},"105":{"start":{"line":237,"column":6},"end":{"line":242,"column":7}},"106":{"start":{"line":238,"column":24},"end":{"line":238,"column":51}},"107":{"start":{"line":239,"column":10},"end":{"line":239,"column":34}},"108":{"start":{"line":241,"column":10},"end":{"line":241,"column":105}},"109":{"start":{"line":245,"column":2},"end":{"line":247,"column":3}},"110":{"start":{"line":246,"column":6},"end":{"line":246,"column":105}},"111":{"start":{"line":250,"column":18},"end":{"line":250,"column":56}},"112":{"start":{"line":251,"column":2},"end":{"line":253,"column":3}},"113":{"start":{"line":252,"column":6},"end":{"line":252,"column":49}},"114":{"start":{"line":254,"column":23},"end":{"line":254,"column":67}},"115":{"start":{"line":255,"column":22},"end":{"line":255,"column":80}},"116":{"start":{"line":255,"column":42},"end":{"line":255,"column":68}},"117":{"start":{"line":256,"column":2},"end":{"line":256,"column":46}},"118":{"start":{"line":259,"column":25},"end":{"line":259,"column":87}},"119":{"start":{"line":262,"column":18},"end":{"line":262,"column":93}},"120":{"start":{"line":263,"column":2},"end":{"line":287,"column":5}},"121":{"start":{"line":263,"column":48},"end":{"line":287,"column":4}},"122":{"start":{"line":265,"column":6},"end":{"line":286,"column":9}},"123":{"start":{"line":265,"column":50},"end":{"line":286,"column":8}},"124":{"start":{"line":266,"column":10},"end":{"line":268,"column":11}},"125":{"start":{"line":267,"column":14},"end":{"line":267,"column":90}},"126":{"start":{"line":270,"column":10},"end":{"line":272,"column":11}},"127":{"start":{"line":271,"column":14},"end":{"line":271,"column":102}},"128":{"start":{"line":275,"column":10},"end":{"line":285,"column":11}},"129":{"start":{"line":276,"column":31},"end":{"line":281,"column":16}},"130":{"start":{"line":282,"column":14},"end":{"line":282,"column":116}},"131":{"start":{"line":284,"column":14},"end":{"line":284,"column":99}},"132":{"start":{"line":295,"column":0},"end":{"line":295,"column":null}}},"fnMap":{"0":{"name":"(anonymous_14)","decl":{"start":{"line":17,"column":15},"end":{"line":17,"column":16}},"loc":{"start":{"line":17,"column":34},"end":{"line":17,"column":53}}},"1":{"name":"(anonymous_15)","decl":{"start":{"line":18,"column":12},"end":{"line":18,"column":13}},"loc":{"start":{"line":18,"column":30},"end":{"line":20,"column":3}}},"2":{"name":"(anonymous_16)","decl":{"start":{"line":37,"column":35},"end":{"line":37,"column":36}},"loc":{"start":{"line":37,"column":67},"end":{"line":62,"column":1}}},"3":{"name":"(anonymous_17)","decl":{"start":{"line":38,"column":19},"end":{"line":38,"column":26}},"loc":{"start":{"line":38,"column":35},"end":{"line":61,"column":8}}},"4":{"name":"(anonymous_18)","decl":{"start":{"line":38,"column":35},"end":{"line":38,"column":null}},"loc":{"start":{"line":38,"column":35},"end":{"line":61,"column":7}}},"5":{"name":"(anonymous_19)","decl":{"start":{"line":65,"column":36},"end":{"line":65,"column":43}},"loc":{"start":{"line":65,"column":74},"end":{"line":89,"column":2}}},"6":{"name":"(anonymous_20)","decl":{"start":{"line":65,"column":74},"end":{"line":65,"column":null}},"loc":{"start":{"line":65,"column":74},"end":{"line":89,"column":1}}},"7":{"name":"(anonymous_21)","decl":{"start":{"line":92,"column":51},"end":{"line":92,"column":58}},"loc":{"start":{"line":92,"column":89},"end":{"line":135,"column":2}}},"8":{"name":"(anonymous_22)","decl":{"start":{"line":92,"column":89},"end":{"line":92,"column":null}},"loc":{"start":{"line":92,"column":89},"end":{"line":135,"column":1}}},"9":{"name":"(anonymous_23)","decl":{"start":{"line":137,"column":35},"end":{"line":137,"column":42}},"loc":{"start":{"line":137,"column":73},"end":{"line":154,"column":2}}},"10":{"name":"(anonymous_24)","decl":{"start":{"line":137,"column":73},"end":{"line":137,"column":null}},"loc":{"start":{"line":137,"column":73},"end":{"line":154,"column":1}}},"11":{"name":"(anonymous_25)","decl":{"start":{"line":157,"column":39},"end":{"line":157,"column":46}},"loc":{"start":{"line":157,"column":58},"end":{"line":204,"column":2}}},"12":{"name":"(anonymous_26)","decl":{"start":{"line":157,"column":58},"end":{"line":157,"column":null}},"loc":{"start":{"line":157,"column":58},"end":{"line":204,"column":1}}},"13":{"name":"(anonymous_27)","decl":{"start":{"line":180,"column":19},"end":{"line":180,"column":28}},"loc":{"start":{"line":180,"column":30},"end":{"line":197,"column":10}}},"14":{"name":"(anonymous_28)","decl":{"start":{"line":180,"column":30},"end":{"line":180,"column":null}},"loc":{"start":{"line":180,"column":30},"end":{"line":197,"column":9}}},"15":{"name":"(anonymous_29)","decl":{"start":{"line":198,"column":21},"end":{"line":198,"column":22}},"loc":{"start":{"line":198,"column":29},"end":{"line":202,"column":9}}},"16":{"name":"(anonymous_30)","decl":{"start":{"line":207,"column":85},"end":{"line":207,"column":92}},"loc":{"start":{"line":207,"column":123},"end":{"line":290,"column":2}}},"17":{"name":"(anonymous_31)","decl":{"start":{"line":207,"column":123},"end":{"line":207,"column":null}},"loc":{"start":{"line":207,"column":123},"end":{"line":290,"column":1}}},"18":{"name":"(anonymous_32)","decl":{"start":{"line":222,"column":36},"end":{"line":222,"column":37}},"loc":{"start":{"line":222,"column":41},"end":{"line":222,"column":45}}},"19":{"name":"(anonymous_33)","decl":{"start":{"line":255,"column":33},"end":{"line":255,"column":38}},"loc":{"start":{"line":255,"column":42},"end":{"line":255,"column":68}}},"20":{"name":"(anonymous_34)","decl":{"start":{"line":263,"column":16},"end":{"line":263,"column":23}},"loc":{"start":{"line":263,"column":48},"end":{"line":287,"column":4}}},"21":{"name":"(anonymous_35)","decl":{"start":{"line":263,"column":48},"end":{"line":263,"column":null}},"loc":{"start":{"line":263,"column":48},"end":{"line":287,"column":3}}},"22":{"name":"(anonymous_36)","decl":{"start":{"line":265,"column":30},"end":{"line":265,"column":37}},"loc":{"start":{"line":265,"column":50},"end":{"line":286,"column":8}}},"23":{"name":"(anonymous_37)","decl":{"start":{"line":265,"column":50},"end":{"line":265,"column":null}},"loc":{"start":{"line":265,"column":50},"end":{"line":286,"column":7}}}},"branchMap":{"0":{"loc":{"start":{"line":40,"column":4},"end":{"line":42,"column":5}},"type":"if","locations":[{"start":{"line":40,"column":4},"end":{"line":42,"column":5}}]},"1":{"loc":{"start":{"line":44,"column":4},"end":{"line":46,"column":5}},"type":"if","locations":[{"start":{"line":44,"column":4},"end":{"line":46,"column":5}}]},"2":{"loc":{"start":{"line":67,"column":4},"end":{"line":69,"column":5}},"type":"if","locations":[{"start":{"line":67,"column":4},"end":{"line":69,"column":5}}]},"3":{"loc":{"start":{"line":67,"column":8},"end":{"line":67,"column":33}},"type":"binary-expr","locations":[{"start":{"line":67,"column":8},"end":{"line":67,"column":17}},{"start":{"line":67,"column":21},"end":{"line":67,"column":33}}]},"4":{"loc":{"start":{"line":81,"column":8},"end":{"line":85,"column":9}},"type":"if","locations":[{"start":{"line":81,"column":8},"end":{"line":85,"column":9}},{"start":{"line":83,"column":13},"end":{"line":85,"column":9}}]},"5":{"loc":{"start":{"line":94,"column":19},"end":{"line":94,"column":31}},"type":"cond-expr","locations":[{"start":{"line":94,"column":27},"end":{"line":94,"column":29}},{"start":{"line":94,"column":27},"end":{"line":94,"column":31}}]},"6":{"loc":{"start":{"line":94,"column":19},"end":{"line":94,"column":29}},"type":"binary-expr","locations":[{"start":{"line":94,"column":19},"end":{"line":94,"column":29}},{"start":{"line":94,"column":27},"end":{"line":94,"column":29}}]},"7":{"loc":{"start":{"line":96,"column":4},"end":{"line":98,"column":7}},"type":"if","locations":[{"start":{"line":96,"column":4},"end":{"line":98,"column":7}}]},"8":{"loc":{"start":{"line":107,"column":4},"end":{"line":109,"column":5}},"type":"if","locations":[{"start":{"line":107,"column":4},"end":{"line":109,"column":5}}]},"9":{"loc":{"start":{"line":119,"column":4},"end":{"line":134,"column":5}},"type":"if","locations":[{"start":{"line":119,"column":4},"end":{"line":134,"column":5}},{"start":{"line":125,"column":11},"end":{"line":134,"column":5}}]},"10":{"loc":{"start":{"line":149,"column":4},"end":{"line":151,"column":5}},"type":"if","locations":[{"start":{"line":149,"column":4},"end":{"line":151,"column":5}}]},"11":{"loc":{"start":{"line":149,"column":8},"end":{"line":149,"column":45}},"type":"binary-expr","locations":[{"start":{"line":149,"column":8},"end":{"line":149,"column":15}},{"start":{"line":149,"column":19},"end":{"line":149,"column":45}}]},"12":{"loc":{"start":{"line":160,"column":4},"end":{"line":162,"column":7}},"type":"if","locations":[{"start":{"line":160,"column":4},"end":{"line":162,"column":7}}]},"13":{"loc":{"start":{"line":160,"column":8},"end":{"line":160,"column":94}},"type":"binary-expr","locations":[{"start":{"line":160,"column":8},"end":{"line":160,"column":32}},{"start":{"line":160,"column":36},"end":{"line":160,"column":64}},{"start":{"line":160,"column":68},"end":{"line":160,"column":94}}]},"14":{"loc":{"start":{"line":163,"column":19},"end":{"line":163,"column":31}},"type":"cond-expr","locations":[{"start":{"line":163,"column":27},"end":{"line":163,"column":29}},{"start":{"line":163,"column":27},"end":{"line":163,"column":31}}]},"15":{"loc":{"start":{"line":163,"column":19},"end":{"line":163,"column":29}},"type":"binary-expr","locations":[{"start":{"line":163,"column":19},"end":{"line":163,"column":29}},{"start":{"line":163,"column":27},"end":{"line":163,"column":29}}]},"16":{"loc":{"start":{"line":169,"column":4},"end":{"line":171,"column":5}},"type":"if","locations":[{"start":{"line":169,"column":4},"end":{"line":171,"column":5}}]},"17":{"loc":{"start":{"line":181,"column":12},"end":{"line":181,"column":36}},"type":"if","locations":[{"start":{"line":181,"column":12},"end":{"line":181,"column":36}}]},"18":{"loc":{"start":{"line":192,"column":16},"end":{"line":195,"column":17}},"type":"if","locations":[{"start":{"line":192,"column":16},"end":{"line":195,"column":17}}]},"19":{"loc":{"start":{"line":199,"column":12},"end":{"line":201,"column":32}},"type":"if","locations":[{"start":{"line":199,"column":12},"end":{"line":201,"column":32}}]},"20":{"loc":{"start":{"line":215,"column":2},"end":{"line":217,"column":3}},"type":"if","locations":[{"start":{"line":215,"column":2},"end":{"line":217,"column":3}}]},"21":{"loc":{"start":{"line":221,"column":17},"end":{"line":221,"column":29}},"type":"cond-expr","locations":[{"start":{"line":221,"column":25},"end":{"line":221,"column":27}},{"start":{"line":221,"column":25},"end":{"line":221,"column":29}}]},"22":{"loc":{"start":{"line":221,"column":17},"end":{"line":221,"column":27}},"type":"binary-expr","locations":[{"start":{"line":221,"column":17},"end":{"line":221,"column":27}},{"start":{"line":221,"column":25},"end":{"line":221,"column":27}}]},"23":{"loc":{"start":{"line":228,"column":2},"end":{"line":230,"column":3}},"type":"if","locations":[{"start":{"line":228,"column":2},"end":{"line":230,"column":3}}]},"24":{"loc":{"start":{"line":228,"column":7},"end":{"line":228,"column":51}},"type":"binary-expr","locations":[{"start":{"line":228,"column":7},"end":{"line":228,"column":14}},{"start":{"line":228,"column":18},"end":{"line":228,"column":51}}]},"25":{"loc":{"start":{"line":232,"column":2},"end":{"line":234,"column":3}},"type":"if","locations":[{"start":{"line":232,"column":2},"end":{"line":234,"column":3}}]},"26":{"loc":{"start":{"line":245,"column":2},"end":{"line":247,"column":3}},"type":"if","locations":[{"start":{"line":245,"column":2},"end":{"line":247,"column":3}}]},"27":{"loc":{"start":{"line":251,"column":2},"end":{"line":253,"column":3}},"type":"if","locations":[{"start":{"line":251,"column":2},"end":{"line":253,"column":3}}]},"28":{"loc":{"start":{"line":266,"column":10},"end":{"line":268,"column":11}},"type":"if","locations":[{"start":{"line":266,"column":10},"end":{"line":268,"column":11}}]},"29":{"loc":{"start":{"line":270,"column":10},"end":{"line":272,"column":11}},"type":"if","locations":[{"start":{"line":270,"column":10},"end":{"line":272,"column":11}}]}},"s":{"0":1,"1":1,"2":1,"3":1,"4":1,"5":1,"6":1,"7":1,"8":1,"9":1,"10":1,"11":1,"12":1,"13":0,"14":0,"15":1,"16":1,"17":1,"18":1,"19":2,"20":2,"21":2,"22":0,"23":2,"24":1,"25":1,"26":1,"27":1,"28":0,"29":1,"30":2,"31":2,"32":0,"33":2,"34":2,"35":2,"36":1,"37":1,"38":0,"39":1,"40":2,"41":2,"42":2,"43":2,"44":0,"45":2,"46":2,"47":1,"48":1,"49":1,"50":1,"51":1,"52":0,"53":0,"54":1,"55":1,"56":1,"57":2,"58":2,"59":2,"60":2,"61":1,"62":1,"63":1,"64":2,"65":2,"66":2,"67":1,"68":1,"69":1,"70":1,"71":0,"72":1,"73":1,"74":1,"75":1,"76":1,"77":0,"78":1,"79":1,"80":1,"81":1,"82":0,"83":0,"84":0,"85":1,"86":0,"87":0,"88":1,"89":3,"90":3,"91":3,"92":0,"93":3,"94":3,"95":3,"96":3,"97":6,"98":3,"99":3,"100":2,"101":1,"102":1,"103":0,"104":0,"105":0,"106":0,"107":0,"108":0,"109":0,"110":0,"111":0,"112":0,"113":0,"114":0,"115":0,"116":0,"117":0,"118":0,"119":0,"120":0,"121":0,"122":0,"123":0,"124":0,"125":0,"126":0,"127":0,"128":0,"129":0,"130":0,"131":0,"132":1},"f":{"0":0,"1":0,"2":2,"3":2,"4":2,"5":2,"6":2,"7":2,"8":2,"9":2,"10":2,"11":2,"12":2,"13":1,"14":1,"15":1,"16":3,"17":3,"18":6,"19":0,"20":0,"21":0,"22":0,"23":0},"b":{"0":[0],"1":[1],"2":[0],"3":[2,2],"4":[1,1],"5":[0,2],"6":[2,2],"7":[0],"8":[1],"9":[0,1],"10":[1],"11":[2,2],"12":[1],"13":[2,1,1],"14":[0,1],"15":[1,1],"16":[0],"17":[0],"18":[0],"19":[0],"20":[0],"21":[0,3],"22":[3,3],"23":[2],"24":[3,1],"25":[1],"26":[0],"27":[0],"28":[0],"29":[0]}}
,"C:\\Users\\acer\\OneDrive\\Documents\\work\\newAssign\\vid2\\dummy\\vid\\src\\utils\\db.ts": {"path":"C:\\Users\\acer\\OneDrive\\Documents\\work\\newAssign\\vid2\\dummy\\vid\\src\\utils\\db.ts","statementMap":{"0":{"start":{"line":1,"column":0},"end":{"line":1,"column":46}},"1":{"start":{"line":3,"column":15},"end":{"line":3,"column":33}},"2":{"start":{"line":4,"column":0},"end":{"line":4,"column":null}}},"fnMap":{},"branchMap":{},"s":{"0":1,"1":1,"2":1},"f":{},"b":{}}
}
