TN:
SF:src\index.ts
FN:17,(anonymous_1)
FN:25,(anonymous_2)
FNF:2
FNH:0
FNDA:0,(anonymous_1)
FNDA:0,(anonymous_2)
DA:1,1
DA:2,1
DA:3,1
DA:4,1
DA:5,1
DA:6,1
DA:8,1
DA:9,1
DA:10,1
DA:12,1
DA:13,1
DA:14,1
DA:15,1
DA:16,1
DA:17,1
DA:18,0
DA:24,1
DA:25,0
DA:26,0
DA:30,1
DA:32,1
LF:21
LH:18
BRDA:16,0,0,1
BRDA:16,0,1,1
BRDA:24,1,0,0
BRDA:24,1,1,1
BRF:4
BRH:3
end_of_record
TN:
SF:src\swagger.ts
FNF:0
FNH:0
DA:4,1
DA:5,1
DA:22,1
LF:3
LH:3
BRDA:4,0,0,1
BRDA:4,0,1,1
BRF:2
BRH:2
end_of_record
TN:
SF:src\routes\user.ts
FN:20,hashPassword
FN:25,validatePassword
FN:30,(anonymous_12)
FN:30,(anonymous_13)
FN:51,(anonymous_14)
FN:51,(anonymous_15)
FNF:6
FNH:0
FNDA:0,hashPassword
FNDA:0,validatePassword
FNDA:0,(anonymous_12)
FNDA:0,(anonymous_13)
FNDA:0,(anonymous_14)
FNDA:0,(anonymous_15)
DA:1,1
DA:2,1
DA:3,1
DA:4,1
DA:5,1
DA:6,1
DA:8,1
DA:10,1
DA:15,1
DA:21,0
DA:22,0
DA:26,0
DA:30,1
DA:31,0
DA:32,0
DA:33,0
DA:34,0
DA:40,0
DA:41,0
DA:43,0
DA:44,0
DA:46,0
DA:47,0
DA:51,1
DA:52,0
DA:53,0
DA:54,0
DA:59,0
DA:60,0
DA:62,0
DA:63,0
DA:64,0
DA:66,0
DA:67,0
DA:69,0
DA:70,0
DA:72,0
DA:73,0
DA:222,1
LF:39
LH:12
BRDA:8,0,0,1
BRDA:8,0,1,1
BRDA:43,1,0,0
BRDA:59,2,0,0
BRDA:63,3,0,0
BRDA:69,4,0,0
BRF:6
BRH:2
end_of_record
TN:
SF:src\routes\video.ts
FN:17,(anonymous_14)
FN:18,(anonymous_15)
FN:37,(anonymous_16)
FN:38,(anonymous_17)
FN:38,(anonymous_18)
FN:65,(anonymous_19)
FN:65,(anonymous_20)
FN:92,(anonymous_21)
FN:92,(anonymous_22)
FN:137,(anonymous_23)
FN:137,(anonymous_24)
FN:157,(anonymous_25)
FN:157,(anonymous_26)
FN:180,(anonymous_27)
FN:180,(anonymous_28)
FN:198,(anonymous_29)
FN:207,(anonymous_30)
FN:207,(anonymous_31)
FN:222,(anonymous_32)
FN:255,(anonymous_33)
FN:263,(anonymous_34)
FN:263,(anonymous_35)
FN:265,(anonymous_36)
FN:265,(anonymous_37)
FNF:24
FNH:17
FNDA:0,(anonymous_14)
FNDA:0,(anonymous_15)
FNDA:2,(anonymous_16)
FNDA:2,(anonymous_17)
FNDA:2,(anonymous_18)
FNDA:2,(anonymous_19)
FNDA:2,(anonymous_20)
FNDA:2,(anonymous_21)
FNDA:2,(anonymous_22)
FNDA:2,(anonymous_23)
FNDA:2,(anonymous_24)
FNDA:2,(anonymous_25)
FNDA:2,(anonymous_26)
FNDA:1,(anonymous_27)
FNDA:1,(anonymous_28)
FNDA:1,(anonymous_29)
FNDA:3,(anonymous_30)
FNDA:3,(anonymous_31)
FNDA:6,(anonymous_32)
FNDA:0,(anonymous_33)
FNDA:0,(anonymous_34)
FNDA:0,(anonymous_35)
FNDA:0,(anonymous_36)
FNDA:0,(anonymous_37)
DA:1,1
DA:3,1
DA:4,1
DA:5,1
DA:6,1
DA:7,1
DA:8,1
DA:9,1
DA:10,1
DA:11,1
DA:12,1
DA:14,1
DA:16,1
DA:17,0
DA:19,0
DA:23,1
DA:28,1
DA:32,1
DA:37,1
DA:38,2
DA:40,2
DA:41,0
DA:44,2
DA:45,1
DA:48,1
DA:50,1
DA:57,1
DA:59,0
DA:65,2
DA:67,2
DA:68,0
DA:71,2
DA:72,2
DA:81,2
DA:82,1
DA:84,1
DA:87,0
DA:92,2
DA:93,2
DA:94,2
DA:96,2
DA:97,0
DA:100,2
DA:107,2
DA:108,1
DA:111,1
DA:113,1
DA:115,1
DA:119,1
DA:120,0
DA:124,0
DA:126,1
DA:133,1
DA:137,2
DA:138,2
DA:140,2
DA:149,2
DA:150,1
DA:153,1
DA:157,2
DA:158,2
DA:160,2
DA:161,1
DA:163,1
DA:165,1
DA:169,1
DA:170,0
DA:173,1
DA:174,1
DA:176,1
DA:180,1
DA:181,1
DA:182,1
DA:183,1
DA:189,1
DA:190,1
DA:192,0
DA:193,0
DA:194,0
DA:199,1
DA:200,0
DA:201,0
DA:207,3
DA:214,3
DA:215,3
DA:216,0
DA:218,3
DA:220,3
DA:221,3
DA:222,6
DA:224,3
DA:228,3
DA:229,2
DA:232,1
DA:233,1
DA:235,0
DA:236,0
DA:237,0
DA:238,0
DA:239,0
DA:241,0
DA:245,0
DA:246,0
DA:250,0
DA:251,0
DA:252,0
DA:254,0
DA:255,0
DA:256,0
DA:259,0
DA:262,0
DA:263,0
DA:265,0
DA:266,0
DA:267,0
DA:270,0
DA:271,0
DA:275,0
DA:276,0
DA:282,0
DA:284,0
DA:295,1
LF:122
LH:80
BRDA:40,0,0,0
BRDA:44,1,0,1
BRDA:67,2,0,0
BRDA:67,3,0,2
BRDA:67,3,1,2
BRDA:81,4,0,1
BRDA:81,4,1,1
BRDA:94,5,0,0
BRDA:94,5,1,2
BRDA:94,6,0,2
BRDA:94,6,1,2
BRDA:96,7,0,0
BRDA:107,8,0,1
BRDA:119,9,0,0
BRDA:119,9,1,1
BRDA:149,10,0,1
BRDA:149,11,0,2
BRDA:149,11,1,2
BRDA:160,12,0,1
BRDA:160,13,0,2
BRDA:160,13,1,1
BRDA:160,13,2,1
BRDA:163,14,0,0
BRDA:163,14,1,1
BRDA:163,15,0,1
BRDA:163,15,1,1
BRDA:169,16,0,0
BRDA:181,17,0,0
BRDA:192,18,0,0
BRDA:199,19,0,0
BRDA:215,20,0,0
BRDA:221,21,0,0
BRDA:221,21,1,3
BRDA:221,22,0,3
BRDA:221,22,1,3
BRDA:228,23,0,2
BRDA:228,24,0,3
BRDA:228,24,1,1
BRDA:232,25,0,1
BRDA:245,26,0,0
BRDA:251,27,0,0
BRDA:266,28,0,0
BRDA:270,29,0,0
BRF:43
BRH:27
end_of_record
TN:
SF:src\utils\db.ts
FNF:0
FNH:0
DA:1,1
DA:3,1
DA:4,1
LF:3
LH:3
BRF:0
BRH:0
end_of_record
